<?xml version="1.0" encoding="UTF-8"?>
<!-- Generated by org.testng.reporters.JUnitXMLReporter -->
<testsuite ignored="0" hostname="LTIN204747" failures="0" tests="3" name="Test" time="415.936" errors="0" timestamp="2024-03-04T16:17:25 IST">
  <testcase classname="testCases.TS01_UpcomingBikes" name="upComingBikes" time="15.983"/>
  <testcase classname="testCases.TS02_UsedCars" name="usedCars" time="30.102"/>
  <testcase classname="testCases.TS03_GoogleSignIn" name="testGoogleSignIn" time="252.259"/>
</testsuite> <!-- Test -->
