<?xml version="1.0" encoding="UTF-8"?>
<!-- Generated by org.testng.reporters.JUnitXMLReporter -->
<testsuite ignored="0" hostname="LTIN204747" failures="0" tests="3" name="Test" time="362.728" errors="0" timestamp="2024-02-28T11:14:39 IST">
  <testcase classname="testCases.TS01_UpcomingBikes" name="upComingBikes" time="14.11"/>
  <testcase classname="testCases.TS02_UsedCars" name="usedCars" time="42.674"/>
  <testcase classname="testCases.TS03_GoogleSignIn" name="testGoogleSignIn" time="264.223"/>
</testsuite> <!-- Test -->
