<?xml version="1.0" encoding="UTF-8"?>
<testng-results ignored="0" total="1" passed="1" failed="0" skipped="0">
  <reporter-output>
  </reporter-output>
  <suite started-at="2024-02-28T16:21:05 IST" name="Suite" finished-at="2024-02-28T16:26:05 IST" duration-ms="299471">
    <groups>
      <group name="regression">
        <method signature="TS03_GoogleSignIn.testGoogleSignIn()[pri:0, instance:testCases.TS03_GoogleSignIn@42a48628]" name="testGoogleSignIn" class="testCases.TS03_GoogleSignIn"/>
      </group> <!-- regression -->
      <group name="sanity">
        <method signature="TS03_GoogleSignIn.testGoogleSignIn()[pri:0, instance:testCases.TS03_GoogleSignIn@42a48628]" name="testGoogleSignIn" class="testCases.TS03_GoogleSignIn"/>
      </group> <!-- sanity -->
    </groups>
    <test started-at="2024-02-28T16:21:05 IST" name="Test" finished-at="2024-02-28T16:26:05 IST" duration-ms="299471">
      <class name="testCases.TS03_GoogleSignIn">
        <test-method is-config="true" signature="setup(java.lang.String)[pri:0, instance:testCases.TS03_GoogleSignIn@42a48628]" started-at="2024-02-28T16:21:06 IST" name="setup" finished-at="2024-02-28T16:21:51 IST" duration-ms="44913" status="PASS">
          <params>
            <param index="0">
              <value>
                <![CDATA[Chrome]]>
              </value>
            </param>
          </params>
          <reporter-output>
          </reporter-output>
        </test-method> <!-- setup -->
        <test-method signature="testGoogleSignIn()[pri:0, instance:testCases.TS03_GoogleSignIn@42a48628]" started-at="2024-02-28T16:21:51 IST" name="testGoogleSignIn" finished-at="2024-02-28T16:26:03 IST" duration-ms="251949" status="PASS">
          <reporter-output>
          </reporter-output>
        </test-method> <!-- testGoogleSignIn -->
        <test-method is-config="true" signature="teardown()[pri:0, instance:testCases.TS03_GoogleSignIn@42a48628]" started-at="2024-02-28T16:26:04 IST" name="teardown" finished-at="2024-02-28T16:26:05 IST" duration-ms="1184" status="PASS">
          <reporter-output>
          </reporter-output>
        </test-method> <!-- teardown -->
      </class> <!-- testCases.TS03_GoogleSignIn -->
    </test> <!-- Test -->
  </suite> <!-- Suite -->
</testng-results>
