<?xml version="1.0" encoding="UTF-8"?>
<testng-results ignored="0" total="3" passed="3" failed="0" skipped="0">
  <reporter-output>
  </reporter-output>
  <suite started-at="2024-02-28T11:08:36 IST" name="Suite" finished-at="2024-02-28T11:14:38 IST" duration-ms="362728">
    <groups>
    </groups>
    <test started-at="2024-02-28T11:08:36 IST" name="Test" finished-at="2024-02-28T11:14:38 IST" duration-ms="362728">
      <class name="testCases.TS02_UsedCars">
        <test-method is-config="true" signature="setup(java.lang.String)[pri:0, instance:testCases.TS02_UsedCars@55b699ef]" started-at="2024-02-28T11:09:04 IST" name="setup" finished-at="2024-02-28T11:09:15 IST" duration-ms="10890" status="PASS">
          <params>
            <param index="0">
              <value>
                <![CDATA[Chrome]]>
              </value>
            </param>
          </params>
          <reporter-output>
          </reporter-output>
        </test-method> <!-- setup -->
        <test-method signature="usedCars()[pri:2, instance:testCases.TS02_UsedCars@55b699ef]" started-at="2024-02-28T11:09:15 IST" name="usedCars" finished-at="2024-02-28T11:09:57 IST" duration-ms="42674" status="PASS">
          <reporter-output>
          </reporter-output>
        </test-method> <!-- usedCars -->
        <test-method is-config="true" signature="teardown()[pri:0, instance:testCases.TS02_UsedCars@55b699ef]" started-at="2024-02-28T11:09:58 IST" name="teardown" finished-at="2024-02-28T11:09:59 IST" duration-ms="1285" status="PASS">
          <reporter-output>
          </reporter-output>
        </test-method> <!-- teardown -->
      </class> <!-- testCases.TS02_UsedCars -->
      <class name="testCases.TS03_GoogleSignIn">
        <test-method is-config="true" signature="setup(java.lang.String)[pri:0, instance:testCases.TS03_GoogleSignIn@35d019a3]" started-at="2024-02-28T11:09:59 IST" name="setup" finished-at="2024-02-28T11:10:12 IST" duration-ms="13071" status="PASS">
          <params>
            <param index="0">
              <value>
                <![CDATA[Chrome]]>
              </value>
            </param>
          </params>
          <reporter-output>
          </reporter-output>
        </test-method> <!-- setup -->
        <test-method signature="testGoogleSignIn()[pri:3, instance:testCases.TS03_GoogleSignIn@35d019a3]" started-at="2024-02-28T11:10:12 IST" name="testGoogleSignIn" finished-at="2024-02-28T11:14:36 IST" duration-ms="264223" status="PASS">
          <reporter-output>
          </reporter-output>
        </test-method> <!-- testGoogleSignIn -->
        <test-method is-config="true" signature="teardown()[pri:0, instance:testCases.TS03_GoogleSignIn@35d019a3]" started-at="2024-02-28T11:14:37 IST" name="teardown" finished-at="2024-02-28T11:14:38 IST" duration-ms="1445" status="PASS">
          <reporter-output>
          </reporter-output>
        </test-method> <!-- teardown -->
      </class> <!-- testCases.TS03_GoogleSignIn -->
      <class name="testCases.TS01_UpcomingBikes">
        <test-method is-config="true" signature="setup(java.lang.String)[pri:0, instance:testCases.TS01_UpcomingBikes@74f0ea28]" started-at="2024-02-28T11:08:37 IST" name="setup" finished-at="2024-02-28T11:08:48 IST" duration-ms="11098" status="PASS">
          <params>
            <param index="0">
              <value>
                <![CDATA[Chrome]]>
              </value>
            </param>
          </params>
          <reporter-output>
          </reporter-output>
        </test-method> <!-- setup -->
        <test-method signature="upComingBikes()[pri:1, instance:testCases.TS01_UpcomingBikes@74f0ea28]" started-at="2024-02-28T11:08:48 IST" name="upComingBikes" finished-at="2024-02-28T11:09:02 IST" duration-ms="14110" status="PASS">
          <reporter-output>
          </reporter-output>
        </test-method> <!-- upComingBikes -->
        <test-method is-config="true" signature="teardown()[pri:0, instance:testCases.TS01_UpcomingBikes@74f0ea28]" started-at="2024-02-28T11:09:02 IST" name="teardown" finished-at="2024-02-28T11:09:04 IST" duration-ms="1361" status="PASS">
          <reporter-output>
          </reporter-output>
        </test-method> <!-- teardown -->
      </class> <!-- testCases.TS01_UpcomingBikes -->
    </test> <!-- Test -->
  </suite> <!-- Suite -->
</testng-results>
